<?xml version="1.0" encoding="UTF-8"?>
<robot generator="Robot 7.2.2 (Python 3.13.3 on darwin)" generated="2025-05-13T01:39:18.947854" rpa="false" schemaversion="5">
<suite id="s1" name="testBuzzFunctionality" source="/Users/arkabhattacharyya/Desktop/Robot Framework/tests/testBuzzFunctionality.robot">
<test id="s1-t1" name="Validate the header of the Buzz Page" line="20">
<kw name="open browser and navigate to app url" type="SETUP">
<kw name="Open Browser" owner="SeleniumLibrary">
<msg time="2025-05-13T01:39:19.004527" level="INFO">Opening browser 'chrome' to base url 'https://opensource-demo.orangehrmlive.com/web/index.php/auth/login'.</msg>
<arg>${url}</arg>
<arg>chrome</arg>
<doc>Opens a new browser instance to the optional ``url``.</doc>
<status status="PASS" start="2025-05-13T01:39:19.004435" elapsed="3.668710"/>
</kw>
<status status="PASS" start="2025-05-13T01:39:19.004133" elapsed="3.669215"/>
</kw>
<kw name="Login with correct username and password" owner="loginPage">
<kw name="Wait Until Element Is Visible" owner="SeleniumLibrary">
<arg>${username-loc}</arg>
<doc>Waits until the element ``locator`` is visible.</doc>
<status status="PASS" start="2025-05-13T01:39:22.673930" elapsed="0.426969"/>
</kw>
<kw name="Input Text" owner="SeleniumLibrary">
<msg time="2025-05-13T01:39:23.101170" level="INFO">Typing text 'Admin' into text field 'xpath=(//input[@placeholder='Username'] | //input[@placeholder='Nombre de usuario'])'.</msg>
<arg>${username-loc}</arg>
<arg>${username-data}</arg>
<doc>Types the given ``text`` into the text field identified by ``locator``.</doc>
<status status="PASS" start="2025-05-13T01:39:23.101011" elapsed="0.079658"/>
</kw>
<kw name="Input Text" owner="SeleniumLibrary">
<msg time="2025-05-13T01:39:23.180990" level="INFO">Typing text 'admin123' into text field 'xpath=(//input[@placeholder='Password'] | //input[@placeholder='Contraseña'])'.</msg>
<arg>${password-loc}</arg>
<arg>${password-data}</arg>
<doc>Types the given ``text`` into the text field identified by ``locator``.</doc>
<status status="PASS" start="2025-05-13T01:39:23.180801" elapsed="0.035150"/>
</kw>
<kw name="Click Element" owner="SeleniumLibrary">
<msg time="2025-05-13T01:39:23.216188" level="INFO">Clicking element 'xpath=//button[@class='oxd-button oxd-button--medium oxd-button--main orangehrm-login-button']'.</msg>
<arg>${click-button}</arg>
<doc>Click the element identified by ``locator``.</doc>
<status status="PASS" start="2025-05-13T01:39:23.216060" elapsed="0.026109"/>
</kw>
<arg>${username-data}</arg>
<arg>${password-data}</arg>
<status status="PASS" start="2025-05-13T01:39:22.673673" elapsed="0.568564"/>
</kw>
<kw name="Verify element is visible in UI">
<kw name="Wait Until Element Is Visible" owner="SeleniumLibrary">
<arg>${element}</arg>
<doc>Waits until the element ``locator`` is visible.</doc>
<status status="PASS" start="2025-05-13T01:39:23.242569" elapsed="1.468650"/>
</kw>
<kw name="Element Should Be Visible" owner="SeleniumLibrary">
<msg time="2025-05-13T01:39:24.717328" level="INFO">Element 'xpath=(//li/a/span[(text()='Buzz')])' is displayed.</msg>
<arg>${element}</arg>
<doc>Verifies that the element identified by ``locator`` is visible.</doc>
<status status="PASS" start="2025-05-13T01:39:24.711373" elapsed="0.006002"/>
</kw>
<arg>${buzz-element}</arg>
<status status="PASS" start="2025-05-13T01:39:23.242395" elapsed="1.475034"/>
</kw>
<kw name="Click on the Buzz button" owner="landingPage">
<kw name="Click Element" owner="SeleniumLibrary">
<msg time="2025-05-13T01:39:24.717793" level="INFO">Clicking element 'xpath=//li/a/span[(text()='Buzz')]'.</msg>
<arg>${Buzz}</arg>
<doc>Click the element identified by ``locator``.</doc>
<status status="PASS" start="2025-05-13T01:39:24.717701" elapsed="0.710556"/>
</kw>
<kw name="Sleep" owner="BuiltIn">
<msg time="2025-05-13T01:39:28.430471" level="INFO">Slept 3 seconds.</msg>
<arg>3s</arg>
<doc>Pauses the test executed for the given time.</doc>
<status status="PASS" start="2025-05-13T01:39:25.428462" elapsed="3.002413"/>
</kw>
<status status="PASS" start="2025-05-13T01:39:24.717554" elapsed="3.713666"/>
</kw>
<kw name="Verify header in buzz page" owner="buzzPage">
<kw name="Wait Until Element Is Visible" owner="SeleniumLibrary">
<arg>${buzz-header}</arg>
<doc>Waits until the element ``locator`` is visible.</doc>
<status status="PASS" start="2025-05-13T01:39:28.432977" elapsed="0.019429"/>
</kw>
<kw name="Get Text" owner="SeleniumLibrary">
<msg time="2025-05-13T01:39:28.466877" level="INFO">${actual-text} = Buzz Newsfeed</msg>
<var>${actual-text}</var>
<arg>${buzz-header}</arg>
<doc>Returns the text value of the element identified by ``locator``.</doc>
<status status="PASS" start="2025-05-13T01:39:28.452632" elapsed="0.014280"/>
</kw>
<kw name="Log" owner="BuiltIn">
<msg time="2025-05-13T01:39:28.467204" level="INFO">expected Buzz Newsfeed actual Buzz Newsfeed</msg>
<arg>expected ${expected-text} actual ${actual-text}</arg>
<doc>Logs the given message with the given level.</doc>
<status status="PASS" start="2025-05-13T01:39:28.467041" elapsed="0.000196"/>
</kw>
<kw name="Should Be Equal" owner="BuiltIn">
<arg>${actual-text}</arg>
<arg>${expected-text}</arg>
<doc>Fails if the given objects are unequal.</doc>
<status status="PASS" start="2025-05-13T01:39:28.467318" elapsed="0.000124"/>
</kw>
<arg>${expected-text-header}</arg>
<status status="PASS" start="2025-05-13T01:39:28.432030" elapsed="0.035460"/>
</kw>
<kw name="close broser session" type="TEARDOWN">
<kw name="Close Browser" owner="SeleniumLibrary">
<doc>Closes the current browser.</doc>
<status status="PASS" start="2025-05-13T01:39:28.467834" elapsed="0.078638"/>
</kw>
<status status="PASS" start="2025-05-13T01:39:28.467679" elapsed="0.078872"/>
</kw>
<status status="PASS" start="2025-05-13T01:39:19.003831" elapsed="9.542783"/>
</test>
<doc>Check the navigation of Buzz Page in Orange HRM</doc>
<status status="PASS" start="2025-05-13T01:39:18.948649" elapsed="9.598269"/>
</suite>
<statistics>
<total>
<stat pass="1" fail="0" skip="0">All Tests</stat>
</total>
<tag>
</tag>
<suite>
<stat name="testBuzzFunctionality" id="s1" pass="1" fail="0" skip="0">testBuzzFunctionality</stat>
</suite>
</statistics>
<errors>
</errors>
</robot>
