<?xml version="1.0" encoding="UTF-8"?>
<robot generator="Robot 7.2.2 (Python 3.13.3 on darwin)" generated="2025-05-09T14:32:38.163488" rpa="false" schemaversion="5">
<suite id="s1" name="testWithCSVData" source="/Users/arkabhattacharyya/Desktop/Robot Framework/tests/testWithCSVData.robot">
<test id="s1-t1" name="Invalid username" line="12">
<kw name="open the browser with the app url" owner="resource" type="SETUP">
<kw name="Open Browser" owner="SeleniumLibrary">
<msg time="2025-05-09T14:32:38.229392" level="INFO">Opening browser 'chrome' to base url 'https://opensource-demo.orangehrmlive.com/web/index.php/auth/login'.</msg>
<arg>${url}</arg>
<arg>chrome</arg>
<doc>Opens a new browser instance to the optional ``url``.</doc>
<status status="PASS" start="2025-05-09T14:32:38.229299" elapsed="4.216153"/>
</kw>
<kw name="Maximize Browser Window" owner="SeleniumLibrary">
<doc>Maximizes current browser window.</doc>
<status status="PASS" start="2025-05-09T14:32:42.445753" elapsed="0.343569"/>
</kw>
<status status="PASS" start="2025-05-09T14:32:38.228985" elapsed="4.560529"/>
</kw>
<kw name="Validate Unsuccessful Login in Orange HRM">
<kw name="Fill login form with invalid credentials">
<kw name="Input Text" owner="SeleniumLibrary">
<msg time="2025-05-09T14:32:42.790971" level="INFO">Typing text 'Admun' into text field 'xpath=//input[@placeholder='Username']'.</msg>
<arg>${input-username}</arg>
<arg>${username-invalid}</arg>
<doc>Types the given ``text`` into the text field identified by ``locator``.</doc>
<status status="PASS" start="2025-05-09T14:32:42.790542" elapsed="0.127492"/>
</kw>
<kw name="Input Text" owner="SeleniumLibrary">
<msg time="2025-05-09T14:32:42.918331" level="INFO">Typing text 'admin123' into text field 'xpath=//input[@placeholder='Password']'.</msg>
<arg>${input-password}</arg>
<arg>${password-invalid}</arg>
<doc>Types the given ``text`` into the text field identified by ``locator``.</doc>
<status status="PASS" start="2025-05-09T14:32:42.918163" elapsed="0.033137"/>
</kw>
<kw name="Click Element" owner="SeleniumLibrary">
<msg time="2025-05-09T14:32:42.951539" level="INFO">Clicking element 'xpath=//button[@class='oxd-button oxd-button--medium oxd-button--main orangehrm-login-button']'.</msg>
<arg>${click-button}</arg>
<doc>Click the element identified by ``locator``.</doc>
<status status="PASS" start="2025-05-09T14:32:42.951414" elapsed="0.862901"/>
</kw>
<arg>${username}</arg>
<arg>${input-password}</arg>
<status status="PASS" start="2025-05-09T14:32:42.790264" elapsed="1.024157"/>
</kw>
<arg>username=Admun</arg>
<arg>input-password=admin123</arg>
<status status="PASS" start="2025-05-09T14:32:42.789885" elapsed="1.024578"/>
</kw>
<kw name="Close Browser session" owner="resource" type="TEARDOWN">
<kw name="Close Browser" owner="SeleniumLibrary">
<doc>Closes the current browser.</doc>
<status status="PASS" start="2025-05-09T14:32:43.814974" elapsed="0.072144"/>
</kw>
<status status="PASS" start="2025-05-09T14:32:43.814755" elapsed="0.072442"/>
</kw>
<status status="PASS" start="2025-05-09T14:32:38.228459" elapsed="5.658805"/>
</test>
<test id="s1-t2" name="Invalid password" line="12">
<kw name="open the browser with the app url" owner="resource" type="SETUP">
<kw name="Open Browser" owner="SeleniumLibrary">
<msg time="2025-05-09T14:32:43.888382" level="INFO">Opening browser 'chrome' to base url 'https://opensource-demo.orangehrmlive.com/web/index.php/auth/login'.</msg>
<arg>${url}</arg>
<arg>chrome</arg>
<doc>Opens a new browser instance to the optional ``url``.</doc>
<status status="PASS" start="2025-05-09T14:32:43.888263" elapsed="4.041418"/>
</kw>
<kw name="Maximize Browser Window" owner="SeleniumLibrary">
<doc>Maximizes current browser window.</doc>
<status status="PASS" start="2025-05-09T14:32:47.929955" elapsed="0.396275"/>
</kw>
<status status="PASS" start="2025-05-09T14:32:43.888095" elapsed="4.438255"/>
</kw>
<kw name="Validate Unsuccessful Login in Orange HRM">
<kw name="Fill login form with invalid credentials">
<kw name="Input Text" owner="SeleniumLibrary">
<msg time="2025-05-09T14:32:48.327062" level="INFO">Typing text 'Admin' into text field 'xpath=//input[@placeholder='Username']'.</msg>
<arg>${input-username}</arg>
<arg>${username-invalid}</arg>
<doc>Types the given ``text`` into the text field identified by ``locator``.</doc>
<status status="PASS" start="2025-05-09T14:32:48.326922" elapsed="0.085258"/>
</kw>
<kw name="Input Text" owner="SeleniumLibrary">
<msg time="2025-05-09T14:32:48.412469" level="INFO">Typing text 'admin123' into text field 'xpath=//input[@placeholder='Password']'.</msg>
<arg>${input-password}</arg>
<arg>${password-invalid}</arg>
<doc>Types the given ``text`` into the text field identified by ``locator``.</doc>
<status status="PASS" start="2025-05-09T14:32:48.412299" elapsed="0.029022"/>
</kw>
<kw name="Click Element" owner="SeleniumLibrary">
<msg time="2025-05-09T14:32:48.441570" level="INFO">Clicking element 'xpath=//button[@class='oxd-button oxd-button--medium oxd-button--main orangehrm-login-button']'.</msg>
<arg>${click-button}</arg>
<doc>Click the element identified by ``locator``.</doc>
<status status="PASS" start="2025-05-09T14:32:48.441441" elapsed="1.167800"/>
</kw>
<arg>${username}</arg>
<arg>${input-password}</arg>
<status status="PASS" start="2025-05-09T14:32:48.326781" elapsed="1.282540"/>
</kw>
<arg>username=Admin</arg>
<arg>input-password=admin123</arg>
<status status="PASS" start="2025-05-09T14:32:48.326580" elapsed="1.282777"/>
</kw>
<kw name="Close Browser session" owner="resource" type="TEARDOWN">
<kw name="Close Browser" owner="SeleniumLibrary">
<doc>Closes the current browser.</doc>
<status status="PASS" start="2025-05-09T14:32:49.609734" elapsed="0.071552"/>
</kw>
<status status="PASS" start="2025-05-09T14:32:49.609564" elapsed="0.071803"/>
</kw>
<status status="PASS" start="2025-05-09T14:32:43.887453" elapsed="5.793979"/>
</test>
<test id="s1-t3" name="Special Character" line="12">
<kw name="open the browser with the app url" owner="resource" type="SETUP">
<kw name="Open Browser" owner="SeleniumLibrary">
<msg time="2025-05-09T14:32:49.682485" level="INFO">Opening browser 'chrome' to base url 'https://opensource-demo.orangehrmlive.com/web/index.php/auth/login'.</msg>
<arg>${url}</arg>
<arg>chrome</arg>
<doc>Opens a new browser instance to the optional ``url``.</doc>
<status status="PASS" start="2025-05-09T14:32:49.682374" elapsed="4.113857"/>
</kw>
<kw name="Maximize Browser Window" owner="SeleniumLibrary">
<doc>Maximizes current browser window.</doc>
<status status="PASS" start="2025-05-09T14:32:53.796488" elapsed="0.396418"/>
</kw>
<status status="PASS" start="2025-05-09T14:32:49.682210" elapsed="4.510788"/>
</kw>
<kw name="Validate Unsuccessful Login in Orange HRM">
<kw name="Fill login form with invalid credentials">
<kw name="Input Text" owner="SeleniumLibrary">
<msg time="2025-05-09T14:32:54.193674" level="INFO">Typing text '-$%' into text field 'xpath=//input[@placeholder='Username']'.</msg>
<arg>${input-username}</arg>
<arg>${username-invalid}</arg>
<doc>Types the given ``text`` into the text field identified by ``locator``.</doc>
<status status="PASS" start="2025-05-09T14:32:54.193535" elapsed="0.083368"/>
</kw>
<kw name="Input Text" owner="SeleniumLibrary">
<msg time="2025-05-09T14:32:54.277190" level="INFO">Typing text 'admin123' into text field 'xpath=//input[@placeholder='Password']'.</msg>
<arg>${input-password}</arg>
<arg>${password-invalid}</arg>
<doc>Types the given ``text`` into the text field identified by ``locator``.</doc>
<status status="PASS" start="2025-05-09T14:32:54.277023" elapsed="0.029298"/>
</kw>
<kw name="Click Element" owner="SeleniumLibrary">
<msg time="2025-05-09T14:32:54.306582" level="INFO">Clicking element 'xpath=//button[@class='oxd-button oxd-button--medium oxd-button--main orangehrm-login-button']'.</msg>
<arg>${click-button}</arg>
<doc>Click the element identified by ``locator``.</doc>
<status status="PASS" start="2025-05-09T14:32:54.306447" elapsed="0.801458"/>
</kw>
<arg>${username}</arg>
<arg>${input-password}</arg>
<status status="PASS" start="2025-05-09T14:32:54.193389" elapsed="0.914614"/>
</kw>
<arg>username=-$%</arg>
<arg>input-password=admin123</arg>
<status status="PASS" start="2025-05-09T14:32:54.193196" elapsed="0.914903"/>
</kw>
<kw name="Close Browser session" owner="resource" type="TEARDOWN">
<kw name="Close Browser" owner="SeleniumLibrary">
<doc>Closes the current browser.</doc>
<status status="PASS" start="2025-05-09T14:32:55.108598" elapsed="0.071507"/>
</kw>
<status status="PASS" start="2025-05-09T14:32:55.108382" elapsed="0.071799"/>
</kw>
<status status="PASS" start="2025-05-09T14:32:49.681610" elapsed="5.498633"/>
</test>
<doc>Login Test with Parameterised inputs</doc>
<status status="PASS" start="2025-05-09T14:32:38.164163" elapsed="17.016406"/>
</suite>
<statistics>
<total>
<stat pass="3" fail="0" skip="0">All Tests</stat>
</total>
<tag>
</tag>
<suite>
<stat name="testWithCSVData" id="s1" pass="3" fail="0" skip="0">testWithCSVData</stat>
</suite>
</statistics>
<errors>
</errors>
</robot>
